2022-08-12T18:18:27.336-0400  [TestNG-tests-1] INFO  com.qa.app.driverFactory.DriverFactory - Running test in Browser - chrome
2022-08-12T18:19:14.349-0400  [TestNG-tests-1] INFO  com.qa.app.driverFactory.DriverFactory - Running test in Browser - chrome
2022-08-12T18:19:21.334-0400  [TestNG-test=Landing Page in Chrome-3] INFO  com.qa.app.listeners.WebEventListener - After getting WebElement - By.linkText: Home
2022-08-12T18:19:21.413-0400  [TestNG-test=Landing Page in Chrome-5] INFO  com.qa.app.listeners.WebEventListener - After getting WebElement - By.className: register-btn
2022-08-12T18:19:21.617-0400  [TestNG-test=Landing Page in Chrome-7] INFO  com.qa.app.listeners.WebEventListener - After getting WebElement - By.className: btn-theme
2022-08-12T18:19:21.888-0400  [TestNG-test=Landing Page in Chrome-8] INFO  com.qa.app.listeners.WebEventListener - After getting WebElement - By.className: register-btn
2022-08-12T18:19:23.531-0400  [TestNG-test=Landing Page in Chrome-8] INFO  com.qa.app.listeners.WebEventListener - After getting WebElement - By.className: heading3
2022-08-12T18:23:21.906-0400  [TestNG-tests-1] INFO  com.qa.app.driverFactory.DriverFactory - Running test in Browser - chrome
2022-08-12T18:23:29.007-0400  [TestNG-test=Landing Page in Chrome-3] INFO  com.qa.app.listeners.WebEventListener - After getting WebElement - By.linkText: Home
2022-08-12T18:23:29.089-0400  [TestNG-test=Landing Page in Chrome-5] INFO  com.qa.app.listeners.WebEventListener - After getting WebElement - By.className: register-btn
2022-08-12T18:23:29.173-0400  [TestNG-test=Landing Page in Chrome-7] INFO  com.qa.app.listeners.WebEventListener - After getting WebElement - By.className: btn-theme
2022-08-12T18:23:29.291-0400  [TestNG-test=Landing Page in Chrome-8] INFO  com.qa.app.listeners.WebEventListener - After getting WebElement - By.className: register-btn
2022-08-12T18:23:31.196-0400  [TestNG-test=Landing Page in Chrome-8] INFO  com.qa.app.listeners.WebEventListener - After getting WebElement - By.className: heading3
2022-08-12T18:25:54.889-0400  [TestNG-tests-1] INFO  com.qa.app.driverFactory.DriverFactory - Running test in Browser - chrome
2022-08-12T18:26:03.555-0400  [TestNG-tests-1] INFO  com.qa.app.listeners.WebEventListener - After getting WebElement - By.linkText: Home
2022-08-12T18:26:03.840-0400  [TestNG-tests-1] INFO  com.qa.app.listeners.WebEventListener - After getting WebElement - By.className: register-btn
2022-08-12T18:26:04.392-0400  [TestNG-tests-1] INFO  com.qa.app.listeners.WebEventListener - After getting WebElement - By.className: btn-theme
2022-08-12T18:26:04.658-0400  [TestNG-tests-1] INFO  com.qa.app.listeners.WebEventListener - After getting WebElement - By.className: register-btn
2022-08-12T18:26:06.252-0400  [TestNG-tests-1] INFO  com.qa.app.listeners.WebEventListener - After getting WebElement - By.className: heading3
2022-08-12T18:28:26.054-0400  [TestNG-tests-1] INFO  com.qa.app.driverFactory.DriverFactory - Running test in Browser - chrome
2022-08-12T18:28:59.703-0400  [TestNG-tests-1] INFO  com.qa.app.listeners.WebEventListener - After getting WebElement - By.linkText: Home
2022-08-12T18:28:59.986-0400  [TestNG-tests-1] INFO  com.qa.app.listeners.WebEventListener - After getting WebElement - By.className: register-btn
2022-08-12T18:29:00.509-0400  [TestNG-tests-1] INFO  com.qa.app.listeners.WebEventListener - After getting WebElement - By.className: btn-theme
2022-08-12T18:29:00.789-0400  [TestNG-tests-1] INFO  com.qa.app.listeners.WebEventListener - After getting WebElement - By.className: register-btn
2022-08-12T18:29:02.559-0400  [TestNG-tests-1] INFO  com.qa.app.listeners.WebEventListener - After getting WebElement - By.className: heading3
2022-08-12T18:30:26.428-0400  [TestNG-tests-1] INFO  com.qa.app.driverFactory.DriverFactory - Running test in Browser - chrome
2022-08-12T18:30:34.324-0400  [TestNG-tests-1] INFO  com.qa.app.listeners.WebEventListener - After getting WebElement - By.linkText: Home
2022-08-12T18:30:34.607-0400  [TestNG-tests-1] INFO  com.qa.app.listeners.WebEventListener - After getting WebElement - By.className: register-btn
2022-08-12T18:30:35.111-0400  [TestNG-tests-1] INFO  com.qa.app.listeners.WebEventListener - After getting WebElement - By.className: btn-theme
2022-08-12T18:30:35.375-0400  [TestNG-tests-1] INFO  com.qa.app.listeners.WebEventListener - After getting WebElement - By.className: register-btn
2022-08-12T18:30:36.928-0400  [TestNG-tests-1] INFO  com.qa.app.listeners.WebEventListener - After getting WebElement - By.className: heading3
2022-08-12T18:31:20.436-0400  [TestNG-tests-1] INFO  com.qa.app.driverFactory.DriverFactory - Running test in Browser - chrome
2022-08-12T18:31:27.580-0400  [TestNG-tests-1] INFO  com.qa.app.listeners.WebEventListener - After getting WebElement - By.linkText: Home
2022-08-12T18:31:28.003-0400  [TestNG-tests-1] INFO  com.qa.app.listeners.WebEventListener - After getting WebElement - By.className: register-btn
2022-08-12T18:31:28.510-0400  [TestNG-tests-1] INFO  com.qa.app.listeners.WebEventListener - After getting WebElement - By.className: btn-theme
2022-08-12T18:31:28.789-0400  [TestNG-tests-1] INFO  com.qa.app.listeners.WebEventListener - After getting WebElement - By.className: register-btn
2022-08-12T18:31:30.502-0400  [TestNG-tests-1] INFO  com.qa.app.listeners.WebEventListener - After getting WebElement - By.className: heading3
2022-08-12T18:32:38.611-0400  [TestNG-tests-1] INFO  com.qa.app.driverFactory.DriverFactory - Running test in Browser - chrome
2022-08-12T18:32:46.023-0400  [TestNG-tests-1] INFO  com.qa.app.listeners.WebEventListener - After getting WebElement - By.linkText: Home
2022-08-12T18:32:46.517-0400  [TestNG-tests-1] INFO  com.qa.app.listeners.WebEventListener - After getting WebElement - By.className: register-btn
2022-08-12T18:32:47.033-0400  [TestNG-tests-1] INFO  com.qa.app.listeners.WebEventListener - After getting WebElement - By.className: btn-theme
2022-08-12T18:32:47.305-0400  [TestNG-tests-1] INFO  com.qa.app.listeners.WebEventListener - After getting WebElement - By.className: register-btn
2022-08-12T18:32:48.784-0400  [TestNG-tests-1] INFO  com.qa.app.listeners.WebEventListener - After getting WebElement - By.className: heading3
2022-08-12T18:35:27.958-0400  [TestNG-tests-1] INFO  com.qa.app.driverFactory.DriverFactory - Running test in Browser - chrome
2022-08-12T18:35:35.475-0400  [TestNG-tests-1] INFO  com.qa.app.listeners.WebEventListener - After getting WebElement - By.linkText: Home
2022-08-12T18:35:35.892-0400  [TestNG-tests-1] INFO  com.qa.app.listeners.WebEventListener - After getting WebElement - By.className: register-btn
2022-08-12T18:35:36.453-0400  [TestNG-tests-1] INFO  com.qa.app.listeners.WebEventListener - After getting WebElement - By.className: btn-theme
2022-08-12T18:35:36.745-0400  [TestNG-tests-1] INFO  com.qa.app.listeners.WebEventListener - After getting WebElement - By.className: register-btn
2022-08-12T18:36:51.809-0400  [TestNG-tests-1] INFO  com.qa.app.listeners.WebEventListener - After getting WebElement - By.className: heading3
2022-08-12T18:42:24.335-0400  [TestNG-tests-1] INFO  com.qa.app.driverFactory.DriverFactory - Running test in Browser - chrome
2022-08-12T18:42:31.597-0400  [TestNG-tests-1] INFO  com.qa.app.listeners.WebEventListener - After getting WebElement - By.linkText: Home
2022-08-12T18:42:31.653-0400  [TestNG-tests-1] INFO  com.qa.app.listeners.WebEventListener - After getting WebElement - By.className: register-btn
2022-08-12T18:42:31.748-0400  [TestNG-tests-1] INFO  com.qa.app.listeners.WebEventListener - After getting WebElement - By.className: btn-theme
2022-08-12T18:42:31.904-0400  [TestNG-tests-1] INFO  com.qa.app.listeners.WebEventListener - After getting WebElement - By.className: register-btn
2022-08-12T18:42:33.817-0400  [TestNG-tests-1] INFO  com.qa.app.listeners.WebEventListener - After getting WebElement - By.className: heading3
2022-08-12T18:42:34.448-0400  [TestNG-tests-1] INFO  com.qa.app.driverFactory.DriverFactory - Running test in Browser - chrome
2022-08-12T18:44:39.294-0400  [TestNG-tests-1] INFO  com.qa.app.driverFactory.DriverFactory - Running test in Browser - chrome
2022-08-12T18:44:46.306-0400  [TestNG-tests-1] INFO  com.qa.app.listeners.WebEventListener - After getting WebElement - By.linkText: Home
2022-08-12T18:44:46.360-0400  [TestNG-tests-1] INFO  com.qa.app.listeners.WebEventListener - After getting WebElement - By.className: register-btn
2022-08-12T18:44:46.497-0400  [TestNG-tests-1] INFO  com.qa.app.listeners.WebEventListener - After getting WebElement - By.className: btn-theme
2022-08-12T18:44:46.628-0400  [TestNG-tests-1] INFO  com.qa.app.listeners.WebEventListener - After getting WebElement - By.className: register-btn
2022-08-12T18:44:48.307-0400  [TestNG-tests-1] INFO  com.qa.app.listeners.WebEventListener - After getting WebElement - By.className: heading3
2022-08-12T18:44:48.898-0400  [TestNG-tests-1] INFO  com.qa.app.driverFactory.DriverFactory - Running test in Browser - chrome
2022-08-12T18:47:37.246-0400  [TestNG-tests-1] INFO  com.qa.app.driverFactory.DriverFactory - Running test in Browser - chrome
2022-08-12T18:47:44.105-0400  [TestNG-tests-1] INFO  com.qa.app.listeners.WebEventListener - After getting WebElement - By.linkText: Home
2022-08-12T18:47:44.166-0400  [TestNG-tests-1] INFO  com.qa.app.listeners.WebEventListener - After getting WebElement - By.className: register-btn
2022-08-12T18:47:44.303-0400  [TestNG-tests-1] INFO  com.qa.app.listeners.WebEventListener - After getting WebElement - By.className: btn-theme
2022-08-12T18:47:44.443-0400  [TestNG-tests-1] INFO  com.qa.app.listeners.WebEventListener - After getting WebElement - By.className: register-btn
2022-08-12T18:47:46.160-0400  [TestNG-tests-1] INFO  com.qa.app.listeners.WebEventListener - After getting WebElement - By.className: heading3
2022-08-12T18:47:46.802-0400  [TestNG-tests-1] INFO  com.qa.app.driverFactory.DriverFactory - Running test in Browser - chrome
2022-08-12T18:47:52.147-0400  [TestNG-tests-1] INFO  com.qa.app.listeners.WebEventListener - After getting WebElement - By.className: register-btn
2022-08-12T18:47:54.320-0400  [TestNG-tests-1] INFO  com.qa.app.listeners.WebEventListener - After getting WebElement - By.className: heading3
2022-08-12T18:47:54.371-0400  [TestNG-tests-1] INFO  com.qa.app.listeners.WebEventListener - After getting WebElement - By.className: v-middle
2022-08-12T18:47:54.449-0400  [TestNG-tests-1] INFO  com.qa.app.listeners.WebEventListener - After getting WebElement - By.linkText: Sign Up
2022-08-12T18:47:54.540-0400  [TestNG-tests-1] INFO  com.qa.app.listeners.WebEventListener - After getting WebElement - By.linkText: Forgot Password
2022-08-12T18:47:54.591-0400  [TestNG-tests-1] INFO  com.qa.app.listeners.WebEventListener - After getting WebElement - By.id: email
2022-08-12T18:47:54.686-0400  [TestNG-tests-1] INFO  com.qa.app.listeners.WebEventListener - After getting WebElement - By.id: password
2022-08-12T18:47:54.779-0400  [TestNG-tests-1] INFO  com.qa.app.listeners.WebEventListener - After getting WebElement - By.className: btn-primary
2022-08-12T18:47:57.747-0400  [TestNG-tests-1] INFO  com.qa.app.listeners.WebEventListener - After getting WebElement - By.xpath: //span[@class='navbar-current-user']
2022-08-12T18:48:44.637-0400  [TestNG-tests-1] INFO  com.qa.app.driverFactory.DriverFactory - Running test in Browser - chrome
2022-08-12T18:48:51.923-0400  [TestNG-tests-1] INFO  com.qa.app.listeners.WebEventListener - After getting WebElement - By.linkText: Home
2022-08-12T18:48:52.341-0400  [TestNG-tests-1] INFO  com.qa.app.listeners.WebEventListener - After getting WebElement - By.className: register-btn
2022-08-12T18:48:52.841-0400  [TestNG-tests-1] INFO  com.qa.app.listeners.WebEventListener - After getting WebElement - By.className: btn-theme
2022-08-12T18:48:53.115-0400  [TestNG-tests-1] INFO  com.qa.app.listeners.WebEventListener - After getting WebElement - By.className: register-btn
2022-08-12T18:48:54.551-0400  [TestNG-tests-1] INFO  com.qa.app.listeners.WebEventListener - After getting WebElement - By.className: heading3
2022-08-12T18:50:07.288-0400  [TestNG-tests-1] INFO  com.qa.app.driverFactory.DriverFactory - Running test in Browser - chrome
2022-08-12T18:50:15.229-0400  [TestNG-tests-1] INFO  com.qa.app.listeners.WebEventListener - After getting WebElement - By.linkText: Home
2022-08-12T18:50:15.585-0400  [TestNG-tests-1] INFO  com.qa.app.listeners.WebEventListener - After getting WebElement - By.className: register-btn
2022-08-12T18:50:16.132-0400  [TestNG-tests-1] INFO  com.qa.app.listeners.WebEventListener - After getting WebElement - By.className: btn-theme
2022-08-12T18:50:16.427-0400  [TestNG-tests-1] INFO  com.qa.app.listeners.WebEventListener - After getting WebElement - By.className: register-btn
2022-08-12T18:50:30.223-0400  [TestNG-tests-1] INFO  com.qa.app.listeners.WebEventListener - After getting WebElement - By.className: heading3
2022-08-12T18:52:04.682-0400  [main] INFO  com.qa.app.driverFactory.DriverFactory - Running test in Browser - chrome
2022-08-12T18:52:11.790-0400  [TestNG-test=Landing Page in Chrome-1] INFO  com.qa.app.listeners.WebEventListener - After getting WebElement - By.linkText: Home
2022-08-12T18:52:11.846-0400  [TestNG-test=Landing Page in Chrome-1] INFO  com.qa.app.listeners.WebEventListener - After getting WebElement - By.className: register-btn
2022-08-12T18:52:11.943-0400  [TestNG-test=Landing Page in Chrome-1] INFO  com.qa.app.listeners.WebEventListener - After getting WebElement - By.className: btn-theme
2022-08-12T18:52:12.141-0400  [TestNG-test=Landing Page in Chrome-1] INFO  com.qa.app.listeners.WebEventListener - After getting WebElement - By.className: register-btn
2022-08-12T18:52:13.927-0400  [TestNG-test=Landing Page in Chrome-1] INFO  com.qa.app.listeners.WebEventListener - After getting WebElement - By.className: heading3
2022-08-12T18:52:29.688-0400  [main] INFO  com.qa.app.driverFactory.DriverFactory - Running test in Browser - chrome
2022-08-12T18:52:36.872-0400  [TestNG-test=Landing Page in Chrome-1] INFO  com.qa.app.listeners.WebEventListener - After getting WebElement - By.linkText: Home
2022-08-12T18:52:36.933-0400  [TestNG-test=Landing Page in Chrome-1] INFO  com.qa.app.listeners.WebEventListener - After getting WebElement - By.className: register-btn
2022-08-12T18:52:37.158-0400  [TestNG-test=Landing Page in Chrome-1] INFO  com.qa.app.listeners.WebEventListener - After getting WebElement - By.className: btn-theme
2022-08-12T18:52:37.234-0400  [TestNG-test=Landing Page in Chrome-1] INFO  com.qa.app.listeners.WebEventListener - After getting WebElement - By.className: register-btn
2022-08-12T18:52:39.512-0400  [TestNG-test=Landing Page in Chrome-1] INFO  com.qa.app.listeners.WebEventListener - After getting WebElement - By.className: heading3
2022-08-12T18:54:48.746-0400  [main] INFO  com.qa.app.driverFactory.DriverFactory - Running test in Browser - chrome
2022-08-12T18:54:55.907-0400  [TestNG-test=Landing Page in Chrome-1] INFO  com.qa.app.listeners.WebEventListener - After getting WebElement - By.linkText: Home
2022-08-12T18:54:55.990-0400  [TestNG-test=Landing Page in Chrome-1] INFO  com.qa.app.listeners.WebEventListener - After getting WebElement - By.className: register-btn
2022-08-12T18:54:56.327-0400  [TestNG-test=Landing Page in Chrome-1] INFO  com.qa.app.listeners.WebEventListener - After getting WebElement - By.className: btn-theme
2022-08-12T18:54:56.413-0400  [TestNG-test=Landing Page in Chrome-1] INFO  com.qa.app.listeners.WebEventListener - After getting WebElement - By.className: register-btn
2022-08-12T18:54:58.071-0400  [TestNG-test=Landing Page in Chrome-1] INFO  com.qa.app.listeners.WebEventListener - After getting WebElement - By.className: heading3
2022-08-12T18:55:31.779-0400  [main] INFO  com.qa.app.driverFactory.DriverFactory - Running test in Browser - chrome
2022-08-12T18:55:38.864-0400  [TestNG-test=Landing Page in Chrome-1] INFO  com.qa.app.listeners.WebEventListener - After getting WebElement - By.linkText: Home
2022-08-12T18:55:38.922-0400  [TestNG-test=Landing Page in Chrome-1] INFO  com.qa.app.listeners.WebEventListener - After getting WebElement - By.className: register-btn
2022-08-12T18:55:39.197-0400  [TestNG-test=Landing Page in Chrome-1] INFO  com.qa.app.listeners.WebEventListener - After getting WebElement - By.className: btn-theme
2022-08-12T18:55:39.272-0400  [TestNG-test=Landing Page in Chrome-1] INFO  com.qa.app.listeners.WebEventListener - After getting WebElement - By.className: register-btn
2022-08-12T18:55:40.912-0400  [TestNG-test=Landing Page in Chrome-1] INFO  com.qa.app.listeners.WebEventListener - After getting WebElement - By.className: heading3
2022-08-12T18:56:15.846-0400  [main] INFO  com.qa.app.driverFactory.DriverFactory - Running test in Browser - chrome
2022-08-12T18:56:23.120-0400  [TestNG-test=Landing Page in Chrome-1] INFO  com.qa.app.listeners.WebEventListener - After getting WebElement - By.linkText: Home
2022-08-12T18:56:23.220-0400  [TestNG-test=Landing Page in Chrome-1] INFO  com.qa.app.listeners.WebEventListener - After getting WebElement - By.className: register-btn
2022-08-12T18:56:23.510-0400  [TestNG-test=Landing Page in Chrome-1] INFO  com.qa.app.listeners.WebEventListener - After getting WebElement - By.className: btn-theme
2022-08-12T18:56:23.588-0400  [TestNG-test=Landing Page in Chrome-1] INFO  com.qa.app.listeners.WebEventListener - After getting WebElement - By.className: register-btn
2022-08-12T18:56:25.297-0400  [TestNG-test=Landing Page in Chrome-1] INFO  com.qa.app.listeners.WebEventListener - After getting WebElement - By.className: heading3
2022-08-12T18:57:20.571-0400  [main] INFO  com.qa.app.driverFactory.DriverFactory - Running test in Browser - chrome
2022-08-12T18:57:27.881-0400  [TestNG-test=Landing Page in Chrome-1] INFO  com.qa.app.listeners.WebEventListener - After getting WebElement - By.linkText: Home
2022-08-12T18:57:27.938-0400  [TestNG-test=Landing Page in Chrome-1] INFO  com.qa.app.listeners.WebEventListener - After getting WebElement - By.className: register-btn
2022-08-12T18:57:28.251-0400  [TestNG-test=Landing Page in Chrome-1] INFO  com.qa.app.listeners.WebEventListener - After getting WebElement - By.className: btn-theme
2022-08-12T18:57:28.322-0400  [TestNG-test=Landing Page in Chrome-1] INFO  com.qa.app.listeners.WebEventListener - After getting WebElement - By.className: register-btn
2022-08-12T18:57:30.007-0400  [TestNG-test=Landing Page in Chrome-1] INFO  com.qa.app.listeners.WebEventListener - After getting WebElement - By.className: heading3
2022-08-12T18:58:53.178-0400  [main] INFO  com.qa.app.driverFactory.DriverFactory - Running test in Browser - chrome
2022-08-12T18:59:00.163-0400  [TestNG-test=Landing Page in Chrome-1] INFO  com.qa.app.listeners.WebEventListener - After getting WebElement - By.linkText: Home
2022-08-12T18:59:00.222-0400  [TestNG-test=Landing Page in Chrome-1] INFO  com.qa.app.listeners.WebEventListener - After getting WebElement - By.className: register-btn
2022-08-12T18:59:00.343-0400  [TestNG-test=Landing Page in Chrome-1] INFO  com.qa.app.listeners.WebEventListener - After getting WebElement - By.className: btn-theme
2022-08-12T18:59:00.541-0400  [TestNG-test=Landing Page in Chrome-1] INFO  com.qa.app.listeners.WebEventListener - After getting WebElement - By.className: register-btn
2022-08-12T18:59:02.286-0400  [TestNG-test=Landing Page in Chrome-1] INFO  com.qa.app.listeners.WebEventListener - After getting WebElement - By.className: heading3
2022-08-12T19:06:21.056-0400  [main] INFO  com.qa.app.driverFactory.DriverFactory - Running test in Browser - chrome
2022-08-12T19:06:28.919-0400  [main] INFO  com.qa.app.listeners.WebEventListener - After getting WebElement - By.linkText: Home
2022-08-12T19:06:28.977-0400  [main] INFO  com.qa.app.listeners.WebEventListener - After getting WebElement - By.className: register-btn
2022-08-12T19:06:29.136-0400  [main] INFO  com.qa.app.listeners.WebEventListener - After getting WebElement - By.className: btn-theme
2022-08-12T19:06:29.295-0400  [main] INFO  com.qa.app.listeners.WebEventListener - After getting WebElement - By.className: register-btn
2022-08-12T19:06:31.126-0400  [main] INFO  com.qa.app.listeners.WebEventListener - After getting WebElement - By.className: heading3
2022-08-12T19:07:53.509-0400  [main] INFO  com.qa.app.driverFactory.DriverFactory - Running test in Browser - chrome
2022-08-12T19:08:00.793-0400  [main] INFO  com.qa.app.listeners.WebEventListener - After getting WebElement - By.linkText: Home
2022-08-12T19:08:00.849-0400  [main] INFO  com.qa.app.listeners.WebEventListener - After getting WebElement - By.className: register-btn
2022-08-12T19:08:01.005-0400  [main] INFO  com.qa.app.listeners.WebEventListener - After getting WebElement - By.className: btn-theme
2022-08-12T19:08:01.183-0400  [main] INFO  com.qa.app.listeners.WebEventListener - After getting WebElement - By.className: register-btn
2022-08-12T19:08:02.929-0400  [main] INFO  com.qa.app.listeners.WebEventListener - After getting WebElement - By.className: heading3
2022-08-12T19:11:44.968-0400  [main] INFO  com.qa.app.driverFactory.DriverFactory - Running test in Browser - chrome
2022-08-12T19:11:51.757-0400  [main] INFO  com.qa.app.listeners.WebEventListener - After getting WebElement - By.linkText: Home
2022-08-12T19:11:51.813-0400  [main] INFO  com.qa.app.listeners.WebEventListener - After getting WebElement - By.className: register-btn
2022-08-12T19:11:51.958-0400  [main] INFO  com.qa.app.listeners.WebEventListener - After getting WebElement - By.className: btn-theme
2022-08-12T19:11:52.149-0400  [main] INFO  com.qa.app.listeners.WebEventListener - After getting WebElement - By.className: register-btn
2022-08-12T19:11:53.938-0400  [main] INFO  com.qa.app.listeners.WebEventListener - After getting WebElement - By.className: heading3
2022-08-12T19:13:42.956-0400  [main] INFO  com.qa.app.driverFactory.DriverFactory - Running test in Browser - chrome
2022-08-12T19:13:50.541-0400  [main] INFO  com.qa.app.listeners.WebEventListener - After getting WebElement - By.linkText: Home
2022-08-12T19:13:50.596-0400  [main] INFO  com.qa.app.listeners.WebEventListener - After getting WebElement - By.className: register-btn
2022-08-12T19:13:50.686-0400  [main] INFO  com.qa.app.listeners.WebEventListener - After getting WebElement - By.className: btn-theme
2022-08-12T19:13:50.863-0400  [main] INFO  com.qa.app.listeners.WebEventListener - After getting WebElement - By.className: register-btn
2022-08-12T19:13:52.693-0400  [main] INFO  com.qa.app.listeners.WebEventListener - After getting WebElement - By.className: heading3
2022-08-12T19:14:50.325-0400  [main] INFO  com.qa.app.driverFactory.DriverFactory - Running test in Browser - chrome
2022-08-12T19:14:57.206-0400  [main] INFO  com.qa.app.listeners.WebEventListener - After getting WebElement - By.linkText: Home
2022-08-12T19:14:57.260-0400  [main] INFO  com.qa.app.listeners.WebEventListener - After getting WebElement - By.className: register-btn
2022-08-12T19:14:57.383-0400  [main] INFO  com.qa.app.listeners.WebEventListener - After getting WebElement - By.className: btn-theme
2022-08-12T19:14:57.530-0400  [main] INFO  com.qa.app.listeners.WebEventListener - After getting WebElement - By.className: register-btn
2022-08-12T19:14:59.414-0400  [main] INFO  com.qa.app.listeners.WebEventListener - After getting WebElement - By.className: heading3
2022-08-12T19:15:00.018-0400  [main] INFO  com.qa.app.driverFactory.DriverFactory - Running test in Browser - chrome
2022-08-12T19:15:05.299-0400  [main] INFO  com.qa.app.listeners.WebEventListener - After getting WebElement - By.className: register-btn
2022-08-12T19:15:07.405-0400  [main] INFO  com.qa.app.listeners.WebEventListener - After getting WebElement - By.className: heading3
2022-08-12T19:15:07.463-0400  [main] INFO  com.qa.app.listeners.WebEventListener - After getting WebElement - By.className: v-middle
2022-08-12T19:15:07.527-0400  [main] INFO  com.qa.app.listeners.WebEventListener - After getting WebElement - By.linkText: Sign Up
2022-08-12T19:15:07.605-0400  [main] INFO  com.qa.app.listeners.WebEventListener - After getting WebElement - By.linkText: Forgot Password
2022-08-12T19:15:07.661-0400  [main] INFO  com.qa.app.listeners.WebEventListener - After getting WebElement - By.id: email
2022-08-12T19:15:07.760-0400  [main] INFO  com.qa.app.listeners.WebEventListener - After getting WebElement - By.id: password
2022-08-12T19:15:07.854-0400  [main] INFO  com.qa.app.listeners.WebEventListener - After getting WebElement - By.className: btn-primary
2022-08-12T19:15:10.971-0400  [main] INFO  com.qa.app.listeners.WebEventListener - After getting WebElement - By.xpath: //span[@class='navbar-current-user']
2022-08-12T19:15:32.137-0400  [TestNG-tests-1] INFO  com.qa.app.driverFactory.DriverFactory - Running test in Browser - chrome
2022-08-12T19:15:32.137-0400  [TestNG-tests-2] INFO  com.qa.app.driverFactory.DriverFactory - Running test in Browser - chrome
2022-08-12T19:15:39.622-0400  [TestNG-tests-2] INFO  com.qa.app.listeners.WebEventListener - After getting WebElement - By.className: register-btn
2022-08-12T19:15:40.009-0400  [TestNG-tests-1] INFO  com.qa.app.listeners.WebEventListener - After getting WebElement - By.linkText: Home
2022-08-12T19:15:40.259-0400  [TestNG-tests-1] INFO  com.qa.app.listeners.WebEventListener - After getting WebElement - By.className: register-btn
2022-08-12T19:15:40.526-0400  [TestNG-tests-1] INFO  com.qa.app.listeners.WebEventListener - After getting WebElement - By.className: btn-theme
2022-08-12T19:15:40.603-0400  [TestNG-tests-1] INFO  com.qa.app.listeners.WebEventListener - After getting WebElement - By.className: register-btn
2022-08-12T19:15:42.321-0400  [TestNG-tests-2] INFO  com.qa.app.listeners.WebEventListener - After getting WebElement - By.className: heading3
2022-08-12T19:15:42.392-0400  [TestNG-tests-2] INFO  com.qa.app.listeners.WebEventListener - After getting WebElement - By.className: v-middle
2022-08-12T19:15:42.464-0400  [TestNG-tests-1] INFO  com.qa.app.listeners.WebEventListener - After getting WebElement - By.className: heading3
2022-08-12T19:15:42.525-0400  [TestNG-tests-2] INFO  com.qa.app.listeners.WebEventListener - After getting WebElement - By.linkText: Sign Up
2022-08-12T19:15:42.604-0400  [TestNG-tests-2] INFO  com.qa.app.listeners.WebEventListener - After getting WebElement - By.linkText: Forgot Password
2022-08-12T19:15:42.661-0400  [TestNG-tests-2] INFO  com.qa.app.listeners.WebEventListener - After getting WebElement - By.id: email
2022-08-12T19:15:42.777-0400  [TestNG-tests-2] INFO  com.qa.app.listeners.WebEventListener - After getting WebElement - By.id: password
2022-08-12T19:15:42.878-0400  [TestNG-tests-2] INFO  com.qa.app.listeners.WebEventListener - After getting WebElement - By.className: btn-primary
2022-08-12T19:15:45.782-0400  [TestNG-tests-2] INFO  com.qa.app.listeners.WebEventListener - After getting WebElement - By.xpath: //span[@class='navbar-current-user']
2022-08-12T19:20:00.712-0400  [TestNG-tests-2] INFO  com.qa.app.driverFactory.DriverFactory - Running test in Browser - Chrome
2022-08-12T19:20:00.712-0400  [TestNG-tests-3] INFO  com.qa.app.driverFactory.DriverFactory - Running test in Browser - firefox
2022-08-12T19:20:00.712-0400  [TestNG-tests-1] INFO  com.qa.app.driverFactory.DriverFactory - Running test in Browser - Chrome
2022-08-12T19:20:00.712-0400  [TestNG-tests-4] INFO  com.qa.app.driverFactory.DriverFactory - Running test in Browser - firefox
2022-08-12T19:20:00.712-0400  [TestNG-tests-5] INFO  com.qa.app.driverFactory.DriverFactory - Running test in Browser - edge
2022-08-12T19:20:13.807-0400  [TestNG-tests-1] INFO  com.qa.app.listeners.WebEventListener - After getting WebElement - By.linkText: Home
2022-08-12T19:20:14.633-0400  [TestNG-tests-2] INFO  com.qa.app.listeners.WebEventListener - After getting WebElement - By.className: register-btn
2022-08-12T19:20:15.134-0400  [TestNG-tests-1] INFO  com.qa.app.listeners.WebEventListener - After getting WebElement - By.className: register-btn
2022-08-12T19:20:15.781-0400  [TestNG-tests-1] INFO  com.qa.app.listeners.WebEventListener - After getting WebElement - By.className: btn-theme
2022-08-12T19:20:15.857-0400  [TestNG-tests-1] INFO  com.qa.app.listeners.WebEventListener - After getting WebElement - By.className: register-btn
2022-08-12T19:20:16.103-0400  [TestNG-test=Landing Page in Edge-1] INFO  com.qa.app.listeners.WebEventListener - After getting WebElement - By.linkText: Home
2022-08-12T19:20:16.161-0400  [TestNG-test=Landing Page in Edge-1] INFO  com.qa.app.listeners.WebEventListener - After getting WebElement - By.className: register-btn
2022-08-12T19:20:16.260-0400  [TestNG-test=Landing Page in Edge-1] INFO  com.qa.app.listeners.WebEventListener - After getting WebElement - By.className: btn-theme
2022-08-12T19:20:16.321-0400  [TestNG-test=Landing Page in Edge-1] INFO  com.qa.app.listeners.WebEventListener - After getting WebElement - By.className: register-btn
2022-08-12T19:20:17.038-0400  [TestNG-test=Landing Page in FireFox-1] INFO  com.qa.app.listeners.WebEventListener - After getting WebElement - By.linkText: Home
2022-08-12T19:20:17.134-0400  [TestNG-test=Landing Page in FireFox-1] INFO  com.qa.app.listeners.WebEventListener - After getting WebElement - By.className: register-btn
2022-08-12T19:20:17.215-0400  [TestNG-test=Landing Page in FireFox-1] INFO  com.qa.app.listeners.WebEventListener - After getting WebElement - By.className: btn-theme
2022-08-12T19:20:17.310-0400  [TestNG-test=Landing Page in FireFox-1] INFO  com.qa.app.listeners.WebEventListener - After getting WebElement - By.className: register-btn
2022-08-12T19:20:17.444-0400  [TestNG-test=Landing Page in FireFox-1] INFO  com.qa.app.listeners.WebEventListener - After getting WebElement - By.className: register-btn
2022-08-12T19:20:19.567-0400  [TestNG-tests-1] INFO  com.qa.app.listeners.WebEventListener - After getting WebElement - By.className: heading3
2022-08-12T19:20:19.647-0400  [TestNG-tests-2] INFO  com.qa.app.listeners.WebEventListener - After getting WebElement - By.className: heading3
2022-08-12T19:20:19.861-0400  [TestNG-tests-2] INFO  com.qa.app.listeners.WebEventListener - After getting WebElement - By.className: v-middle
2022-08-12T19:20:20.027-0400  [TestNG-test=Landing Page in Edge-1] INFO  com.qa.app.listeners.WebEventListener - After getting WebElement - By.className: heading3
2022-08-12T19:20:20.136-0400  [TestNG-tests-2] INFO  com.qa.app.listeners.WebEventListener - After getting WebElement - By.linkText: Sign Up
2022-08-12T19:20:20.379-0400  [TestNG-tests-2] INFO  com.qa.app.listeners.WebEventListener - After getting WebElement - By.linkText: Forgot Password
2022-08-12T19:20:20.462-0400  [TestNG-tests-2] INFO  com.qa.app.listeners.WebEventListener - After getting WebElement - By.id: email
2022-08-12T19:20:20.588-0400  [TestNG-tests-2] INFO  com.qa.app.listeners.WebEventListener - After getting WebElement - By.id: password
2022-08-12T19:20:20.720-0400  [TestNG-tests-2] INFO  com.qa.app.listeners.WebEventListener - After getting WebElement - By.className: btn-primary
2022-08-12T19:20:21.741-0400  [TestNG-tests-3] INFO  com.qa.app.driverFactory.DriverFactory - Running test in Browser - edge
2022-08-12T19:20:22.422-0400  [TestNG-test=Login Page in FireFox-1] INFO  com.qa.app.listeners.WebEventListener - After getting WebElement - By.className: register-btn
2022-08-12T19:20:24.843-0400  [TestNG-tests-2] INFO  com.qa.app.listeners.WebEventListener - After getting WebElement - By.xpath: //span[@class='navbar-current-user']
2022-08-12T19:20:27.908-0400  [TestNG-test=Login Page in Edge-1] INFO  com.qa.app.listeners.WebEventListener - After getting WebElement - By.className: register-btn
2022-08-12T19:20:30.229-0400  [TestNG-test=Login Page in Edge-1] INFO  com.qa.app.listeners.WebEventListener - After getting WebElement - By.className: heading3
2022-08-12T19:20:30.271-0400  [TestNG-test=Login Page in Edge-1] INFO  com.qa.app.listeners.WebEventListener - After getting WebElement - By.className: v-middle
2022-08-12T19:20:30.334-0400  [TestNG-test=Login Page in Edge-1] INFO  com.qa.app.listeners.WebEventListener - After getting WebElement - By.linkText: Sign Up
2022-08-12T19:20:30.386-0400  [TestNG-test=Login Page in Edge-1] INFO  com.qa.app.listeners.WebEventListener - After getting WebElement - By.linkText: Forgot Password
2022-08-12T19:20:30.432-0400  [TestNG-test=Login Page in Edge-1] INFO  com.qa.app.listeners.WebEventListener - After getting WebElement - By.id: email
2022-08-12T19:20:30.543-0400  [TestNG-test=Login Page in Edge-1] INFO  com.qa.app.listeners.WebEventListener - After getting WebElement - By.id: password
2022-08-12T19:20:30.648-0400  [TestNG-test=Login Page in Edge-1] INFO  com.qa.app.listeners.WebEventListener - After getting WebElement - By.className: btn-primary
2022-08-12T19:20:33.592-0400  [TestNG-test=Login Page in Edge-1] INFO  com.qa.app.listeners.WebEventListener - After getting WebElement - By.xpath: //span[@class='navbar-current-user']
2022-08-12T19:23:06.923-0400  [TestNG-tests-1] INFO  com.qa.app.driverFactory.DriverFactory - Running test in Browser - Chrome
2022-08-12T19:23:13.794-0400  [TestNG-tests-1] INFO  com.qa.app.listeners.WebEventListener - After getting WebElement - By.linkText: Home
2022-08-12T19:23:13.848-0400  [TestNG-tests-1] INFO  com.qa.app.listeners.WebEventListener - After getting WebElement - By.className: register-btn
2022-08-12T19:23:13.929-0400  [TestNG-tests-1] INFO  com.qa.app.listeners.WebEventListener - After getting WebElement - By.className: btn-theme
2022-08-12T19:23:14.007-0400  [TestNG-tests-1] INFO  com.qa.app.listeners.WebEventListener - After getting WebElement - By.className: register-btn
2022-08-12T19:23:15.921-0400  [TestNG-tests-1] INFO  com.qa.app.listeners.WebEventListener - After getting WebElement - By.className: heading3
2022-08-12T19:23:16.603-0400  [TestNG-tests-1] INFO  com.qa.app.driverFactory.DriverFactory - Running test in Browser - Chrome
2022-08-12T19:23:21.859-0400  [TestNG-tests-1] INFO  com.qa.app.listeners.WebEventListener - After getting WebElement - By.className: register-btn
2022-08-12T19:23:24.183-0400  [TestNG-tests-1] INFO  com.qa.app.listeners.WebEventListener - After getting WebElement - By.className: heading3
2022-08-12T19:23:24.236-0400  [TestNG-tests-1] INFO  com.qa.app.listeners.WebEventListener - After getting WebElement - By.className: v-middle
2022-08-12T19:23:24.295-0400  [TestNG-tests-1] INFO  com.qa.app.listeners.WebEventListener - After getting WebElement - By.linkText: Sign Up
2022-08-12T19:23:24.360-0400  [TestNG-tests-1] INFO  com.qa.app.listeners.WebEventListener - After getting WebElement - By.linkText: Forgot Password
2022-08-12T19:23:24.419-0400  [TestNG-tests-1] INFO  com.qa.app.listeners.WebEventListener - After getting WebElement - By.id: email
2022-08-12T19:23:24.516-0400  [TestNG-tests-1] INFO  com.qa.app.listeners.WebEventListener - After getting WebElement - By.id: password
2022-08-12T19:23:24.613-0400  [TestNG-tests-1] INFO  com.qa.app.listeners.WebEventListener - After getting WebElement - By.className: btn-primary
2022-08-12T19:23:30.039-0400  [TestNG-tests-1] INFO  com.qa.app.listeners.WebEventListener - After getting WebElement - By.id: email
2022-08-12T19:23:30.127-0400  [TestNG-tests-1] INFO  com.qa.app.listeners.WebEventListener - After getting WebElement - By.id: password
2022-08-12T19:23:30.212-0400  [TestNG-tests-1] INFO  com.qa.app.listeners.WebEventListener - After getting WebElement - By.className: btn-primary
2022-08-12T19:23:33.037-0400  [TestNG-tests-1] INFO  com.qa.app.listeners.WebEventListener - After getting WebElement - By.xpath: //span[@class='navbar-current-user']
2022-08-12T19:23:33.317-0400  [TestNG-tests-1] INFO  com.qa.app.driverFactory.DriverFactory - Running test in Browser - firefox
2022-08-12T19:23:41.665-0400  [TestNG-test=Landing Page in FireFox-1] INFO  com.qa.app.listeners.WebEventListener - After getting WebElement - By.linkText: Home
2022-08-12T19:23:41.691-0400  [TestNG-test=Landing Page in FireFox-1] INFO  com.qa.app.listeners.WebEventListener - After getting WebElement - By.className: register-btn
2022-08-12T19:23:41.744-0400  [TestNG-test=Landing Page in FireFox-1] INFO  com.qa.app.listeners.WebEventListener - After getting WebElement - By.className: btn-theme
2022-08-12T19:23:41.784-0400  [TestNG-test=Landing Page in FireFox-1] INFO  com.qa.app.listeners.WebEventListener - After getting WebElement - By.className: register-btn
2022-08-12T19:23:41.818-0400  [TestNG-test=Landing Page in FireFox-1] INFO  com.qa.app.listeners.WebEventListener - After getting WebElement - By.className: register-btn
2022-08-12T19:23:42.899-0400  [TestNG-tests-1] INFO  com.qa.app.driverFactory.DriverFactory - Running test in Browser - firefox
2022-08-12T19:23:50.488-0400  [TestNG-test=Login Page in FireFox-1] INFO  com.qa.app.listeners.WebEventListener - After getting WebElement - By.className: register-btn
2022-08-12T19:23:50.656-0400  [TestNG-tests-1] INFO  com.qa.app.driverFactory.DriverFactory - Running test in Browser - edge
2022-08-12T19:23:56.047-0400  [TestNG-test=Landing Page in Edge-1] INFO  com.qa.app.listeners.WebEventListener - After getting WebElement - By.linkText: Home
2022-08-12T19:23:56.092-0400  [TestNG-test=Landing Page in Edge-1] INFO  com.qa.app.listeners.WebEventListener - After getting WebElement - By.className: register-btn
2022-08-12T19:23:56.145-0400  [TestNG-test=Landing Page in Edge-1] INFO  com.qa.app.listeners.WebEventListener - After getting WebElement - By.className: btn-theme
2022-08-12T19:23:56.232-0400  [TestNG-test=Landing Page in Edge-1] INFO  com.qa.app.listeners.WebEventListener - After getting WebElement - By.className: register-btn
2022-08-12T19:23:58.227-0400  [TestNG-test=Landing Page in Edge-1] INFO  com.qa.app.listeners.WebEventListener - After getting WebElement - By.className: heading3
2022-08-12T19:23:58.568-0400  [TestNG-tests-1] INFO  com.qa.app.driverFactory.DriverFactory - Running test in Browser - edge
2022-08-12T19:24:08.933-0400  [TestNG-test=Login Page in Edge-1] INFO  com.qa.app.listeners.WebEventListener - After getting WebElement - By.className: register-btn
2022-08-12T19:24:12.676-0400  [TestNG-test=Login Page in Edge-1] INFO  com.qa.app.listeners.WebEventListener - After getting WebElement - By.className: heading3
2022-08-12T19:24:12.719-0400  [TestNG-test=Login Page in Edge-1] INFO  com.qa.app.listeners.WebEventListener - After getting WebElement - By.className: v-middle
2022-08-12T19:24:12.782-0400  [TestNG-test=Login Page in Edge-1] INFO  com.qa.app.listeners.WebEventListener - After getting WebElement - By.linkText: Sign Up
2022-08-12T19:24:12.837-0400  [TestNG-test=Login Page in Edge-1] INFO  com.qa.app.listeners.WebEventListener - After getting WebElement - By.linkText: Forgot Password
2022-08-12T19:24:12.887-0400  [TestNG-test=Login Page in Edge-1] INFO  com.qa.app.listeners.WebEventListener - After getting WebElement - By.id: email
2022-08-12T19:24:12.982-0400  [TestNG-test=Login Page in Edge-1] INFO  com.qa.app.listeners.WebEventListener - After getting WebElement - By.id: password
2022-08-12T19:24:13.108-0400  [TestNG-test=Login Page in Edge-1] INFO  com.qa.app.listeners.WebEventListener - After getting WebElement - By.className: btn-primary
2022-08-12T19:24:16.999-0400  [TestNG-test=Login Page in Edge-1] INFO  com.qa.app.listeners.WebEventListener - After getting WebElement - By.xpath: //span[@class='navbar-current-user']
2022-08-12T19:25:32.543-0400  [TestNG-tests-1] INFO  com.qa.app.driverFactory.DriverFactory - Running test in Browser - Chrome
2022-08-12T19:25:40.036-0400  [TestNG-tests-1] INFO  com.qa.app.listeners.WebEventListener - After getting WebElement - By.linkText: Home
2022-08-12T19:25:40.502-0400  [TestNG-tests-1] INFO  com.qa.app.listeners.WebEventListener - After getting WebElement - By.className: register-btn
2022-08-12T19:25:40.619-0400  [TestNG-tests-1] INFO  com.qa.app.listeners.WebEventListener - After getting WebElement - By.className: btn-theme
2022-08-12T19:25:40.687-0400  [TestNG-tests-1] INFO  com.qa.app.listeners.WebEventListener - After getting WebElement - By.className: register-btn
2022-08-12T19:25:42.306-0400  [TestNG-tests-1] INFO  com.qa.app.listeners.WebEventListener - After getting WebElement - By.className: heading3
2022-08-12T19:25:42.936-0400  [TestNG-tests-1] INFO  com.qa.app.driverFactory.DriverFactory - Running test in Browser - Chrome
2022-08-12T19:25:48.383-0400  [TestNG-tests-1] INFO  com.qa.app.listeners.WebEventListener - After getting WebElement - By.className: register-btn
2022-08-12T19:25:50.683-0400  [TestNG-tests-1] INFO  com.qa.app.listeners.WebEventListener - After getting WebElement - By.className: heading3
2022-08-12T19:25:50.732-0400  [TestNG-tests-1] INFO  com.qa.app.listeners.WebEventListener - After getting WebElement - By.className: v-middle
2022-08-12T19:25:50.793-0400  [TestNG-tests-1] INFO  com.qa.app.listeners.WebEventListener - After getting WebElement - By.linkText: Sign Up
2022-08-12T19:25:50.855-0400  [TestNG-tests-1] INFO  com.qa.app.listeners.WebEventListener - After getting WebElement - By.linkText: Forgot Password
2022-08-12T19:25:50.904-0400  [TestNG-tests-1] INFO  com.qa.app.listeners.WebEventListener - After getting WebElement - By.id: email
2022-08-12T19:25:51.002-0400  [TestNG-tests-1] INFO  com.qa.app.listeners.WebEventListener - After getting WebElement - By.id: password
2022-08-12T19:25:51.094-0400  [TestNG-tests-1] INFO  com.qa.app.listeners.WebEventListener - After getting WebElement - By.className: btn-primary
2022-08-12T19:25:53.746-0400  [TestNG-tests-1] INFO  com.qa.app.listeners.WebEventListener - After getting WebElement - By.xpath: //span[@class='navbar-current-user']
2022-08-12T19:25:54.010-0400  [TestNG-tests-1] INFO  com.qa.app.driverFactory.DriverFactory - Running test in Browser - firefox
2022-08-12T19:26:01.873-0400  [TestNG-tests-1] INFO  com.qa.app.listeners.WebEventListener - After getting WebElement - By.linkText: Home
2022-08-12T19:26:01.905-0400  [TestNG-tests-1] INFO  com.qa.app.listeners.WebEventListener - After getting WebElement - By.className: register-btn
2022-08-12T19:26:01.953-0400  [TestNG-tests-1] INFO  com.qa.app.listeners.WebEventListener - After getting WebElement - By.className: btn-theme
2022-08-12T19:26:01.993-0400  [TestNG-tests-1] INFO  com.qa.app.listeners.WebEventListener - After getting WebElement - By.className: register-btn
2022-08-12T19:26:02.151-0400  [TestNG-tests-1] INFO  com.qa.app.listeners.WebEventListener - After getting WebElement - By.className: register-btn
2022-08-12T19:26:02.326-0400  [TestNG-tests-1] INFO  com.qa.app.listeners.WebEventListener - After getting WebElement - By.className: register-btn
2022-08-12T19:26:02.519-0400  [TestNG-tests-1] INFO  com.qa.app.listeners.WebEventListener - After getting WebElement - By.className: register-btn
2022-08-12T19:26:03.997-0400  [TestNG-tests-1] INFO  com.qa.app.listeners.WebEventListener - After getting WebElement - By.className: heading3
2022-08-12T19:26:05.083-0400  [TestNG-tests-1] INFO  com.qa.app.driverFactory.DriverFactory - Running test in Browser - firefox
2022-08-12T19:26:12.749-0400  [TestNG-tests-1] INFO  com.qa.app.listeners.WebEventListener - After getting WebElement - By.className: register-btn
2022-08-12T19:26:13.476-0400  [TestNG-tests-1] INFO  com.qa.app.driverFactory.DriverFactory - Running test in Browser - edge
2022-08-12T19:26:18.767-0400  [TestNG-tests-1] INFO  com.qa.app.listeners.WebEventListener - After getting WebElement - By.linkText: Home
2022-08-12T19:26:18.810-0400  [TestNG-tests-1] INFO  com.qa.app.listeners.WebEventListener - After getting WebElement - By.className: register-btn
2022-08-12T19:26:18.874-0400  [TestNG-tests-1] INFO  com.qa.app.listeners.WebEventListener - After getting WebElement - By.className: btn-theme
2022-08-12T19:26:18.971-0400  [TestNG-tests-1] INFO  com.qa.app.listeners.WebEventListener - After getting WebElement - By.className: register-btn
2022-08-12T19:26:21.049-0400  [TestNG-tests-1] INFO  com.qa.app.listeners.WebEventListener - After getting WebElement - By.className: heading3
2022-08-12T19:26:21.371-0400  [TestNG-tests-1] INFO  com.qa.app.driverFactory.DriverFactory - Running test in Browser - edge
2022-08-12T19:26:26.854-0400  [TestNG-tests-1] INFO  com.qa.app.listeners.WebEventListener - After getting WebElement - By.className: register-btn
2022-08-12T19:26:29.162-0400  [TestNG-tests-1] INFO  com.qa.app.listeners.WebEventListener - After getting WebElement - By.className: heading3
2022-08-12T19:26:29.207-0400  [TestNG-tests-1] INFO  com.qa.app.listeners.WebEventListener - After getting WebElement - By.className: v-middle
2022-08-12T19:26:29.263-0400  [TestNG-tests-1] INFO  com.qa.app.listeners.WebEventListener - After getting WebElement - By.linkText: Sign Up
2022-08-12T19:26:29.314-0400  [TestNG-tests-1] INFO  com.qa.app.listeners.WebEventListener - After getting WebElement - By.linkText: Forgot Password
2022-08-12T19:26:29.380-0400  [TestNG-tests-1] INFO  com.qa.app.listeners.WebEventListener - After getting WebElement - By.id: email
2022-08-12T19:26:29.468-0400  [TestNG-tests-1] INFO  com.qa.app.listeners.WebEventListener - After getting WebElement - By.id: password
2022-08-12T19:26:29.558-0400  [TestNG-tests-1] INFO  com.qa.app.listeners.WebEventListener - After getting WebElement - By.className: btn-primary
2022-08-12T19:26:32.506-0400  [TestNG-tests-1] INFO  com.qa.app.listeners.WebEventListener - After getting WebElement - By.xpath: //span[@class='navbar-current-user']
2022-08-12T19:29:53.154-0400  [TestNG-tests-1] INFO  com.qa.app.driverFactory.DriverFactory - Running test in Browser - Chrome
2022-08-12T19:30:00.070-0400  [TestNG-tests-1] INFO  com.qa.app.listeners.WebEventListener - After getting WebElement - By.linkText: Home
2022-08-12T19:30:00.131-0400  [TestNG-tests-1] INFO  com.qa.app.listeners.WebEventListener - After getting WebElement - By.className: register-btn
2022-08-12T19:30:00.235-0400  [TestNG-tests-1] INFO  com.qa.app.listeners.WebEventListener - After getting WebElement - By.className: btn-theme
2022-08-12T19:30:00.432-0400  [TestNG-tests-1] INFO  com.qa.app.listeners.WebEventListener - After getting WebElement - By.className: register-btn
2022-08-12T19:30:02.498-0400  [TestNG-tests-1] INFO  com.qa.app.listeners.WebEventListener - After getting WebElement - By.className: heading3
2022-08-12T19:30:03.262-0400  [TestNG-tests-1] INFO  com.qa.app.driverFactory.DriverFactory - Running test in Browser - Chrome
2022-08-12T19:30:09.601-0400  [TestNG-tests-1] INFO  com.qa.app.listeners.WebEventListener - After getting WebElement - By.className: register-btn
2022-08-12T19:30:11.824-0400  [TestNG-tests-1] INFO  com.qa.app.listeners.WebEventListener - After getting WebElement - By.className: heading3
2022-08-12T19:30:11.876-0400  [TestNG-tests-1] INFO  com.qa.app.listeners.WebEventListener - After getting WebElement - By.className: v-middle
2022-08-12T19:30:11.943-0400  [TestNG-tests-1] INFO  com.qa.app.listeners.WebEventListener - After getting WebElement - By.linkText: Sign Up
2022-08-12T19:30:12.019-0400  [TestNG-tests-1] INFO  com.qa.app.listeners.WebEventListener - After getting WebElement - By.linkText: Forgot Password
2022-08-12T19:30:12.069-0400  [TestNG-tests-1] INFO  com.qa.app.listeners.WebEventListener - After getting WebElement - By.id: email
2022-08-12T19:30:12.164-0400  [TestNG-tests-1] INFO  com.qa.app.listeners.WebEventListener - After getting WebElement - By.id: password
2022-08-12T19:30:12.253-0400  [TestNG-tests-1] INFO  com.qa.app.listeners.WebEventListener - After getting WebElement - By.className: btn-primary
2022-08-12T19:30:15.054-0400  [TestNG-tests-1] INFO  com.qa.app.listeners.WebEventListener - After getting WebElement - By.xpath: //span[@class='navbar-current-user']
2022-08-12T19:32:50.879-0400  [TestNG-tests-3] INFO  com.qa.app.driverFactory.DriverFactory - Running test in Browser - edge
2022-08-12T19:32:50.879-0400  [TestNG-tests-4] INFO  com.qa.app.driverFactory.DriverFactory - Running test in Browser - edge
2022-08-12T19:32:50.878-0400  [TestNG-tests-2] INFO  com.qa.app.driverFactory.DriverFactory - Running test in Browser - Chrome
2022-08-12T19:32:50.879-0400  [TestNG-tests-1] INFO  com.qa.app.driverFactory.DriverFactory - Running test in Browser - Chrome
2022-08-12T19:33:00.164-0400  [TestNG-tests-4] INFO  com.qa.app.listeners.WebEventListener - After getting WebElement - By.className: register-btn
2022-08-12T19:33:01.002-0400  [TestNG-tests-1] INFO  com.qa.app.listeners.WebEventListener - After getting WebElement - By.linkText: Home
2022-08-12T19:33:01.637-0400  [TestNG-tests-2] INFO  com.qa.app.listeners.WebEventListener - After getting WebElement - By.className: register-btn
2022-08-12T19:33:01.712-0400  [TestNG-tests-1] INFO  com.qa.app.listeners.WebEventListener - After getting WebElement - By.className: register-btn
2022-08-12T19:33:01.838-0400  [TestNG-tests-1] INFO  com.qa.app.listeners.WebEventListener - After getting WebElement - By.className: btn-theme
2022-08-12T19:33:02.115-0400  [TestNG-tests-1] INFO  com.qa.app.listeners.WebEventListener - After getting WebElement - By.className: register-btn
2022-08-12T19:33:02.344-0400  [TestNG-tests-3] INFO  com.qa.app.listeners.WebEventListener - After getting WebElement - By.linkText: Home
2022-08-12T19:33:02.389-0400  [TestNG-tests-3] INFO  com.qa.app.listeners.WebEventListener - After getting WebElement - By.className: register-btn
2022-08-12T19:33:02.462-0400  [TestNG-tests-3] INFO  com.qa.app.listeners.WebEventListener - After getting WebElement - By.className: btn-theme
2022-08-12T19:33:03.981-0400  [TestNG-tests-4] INFO  com.qa.app.listeners.WebEventListener - After getting WebElement - By.className: heading3
2022-08-12T19:33:04.113-0400  [TestNG-tests-4] INFO  com.qa.app.listeners.WebEventListener - After getting WebElement - By.className: v-middle
2022-08-12T19:33:04.259-0400  [TestNG-tests-4] INFO  com.qa.app.listeners.WebEventListener - After getting WebElement - By.linkText: Sign Up
2022-08-12T19:33:04.380-0400  [TestNG-tests-4] INFO  com.qa.app.listeners.WebEventListener - After getting WebElement - By.linkText: Forgot Password
2022-08-12T19:33:04.398-0400  [TestNG-tests-1] INFO  com.qa.app.listeners.WebEventListener - After getting WebElement - By.className: heading3
2022-08-12T19:33:04.443-0400  [TestNG-tests-4] INFO  com.qa.app.listeners.WebEventListener - After getting WebElement - By.id: email
2022-08-12T19:33:04.556-0400  [TestNG-tests-4] INFO  com.qa.app.listeners.WebEventListener - After getting WebElement - By.id: password
2022-08-12T19:33:04.694-0400  [TestNG-tests-4] INFO  com.qa.app.listeners.WebEventListener - After getting WebElement - By.className: btn-primary
2022-08-12T19:33:04.812-0400  [TestNG-tests-3] INFO  com.qa.app.listeners.WebEventListener - After getting WebElement - By.className: register-btn
2022-08-12T19:33:06.956-0400  [TestNG-tests-3] INFO  com.qa.app.listeners.WebEventListener - After getting WebElement - By.className: heading3
2022-08-12T19:33:08.102-0400  [TestNG-tests-4] INFO  com.qa.app.listeners.WebEventListener - After getting WebElement - By.xpath: //span[@class='navbar-current-user']
2022-08-12T19:33:46.874-0400  [TestNG-tests-2] INFO  com.qa.app.driverFactory.DriverFactory - Running test in Browser - Chrome
2022-08-12T19:33:46.874-0400  [TestNG-tests-3] INFO  com.qa.app.driverFactory.DriverFactory - Running test in Browser - edge
2022-08-12T19:33:46.874-0400  [TestNG-tests-4] INFO  com.qa.app.driverFactory.DriverFactory - Running test in Browser - edge
2022-08-12T19:33:46.874-0400  [TestNG-tests-1] INFO  com.qa.app.driverFactory.DriverFactory - Running test in Browser - Chrome
2022-08-12T19:33:56.387-0400  [TestNG-tests-4] INFO  com.qa.app.listeners.WebEventListener - After getting WebElement - By.className: register-btn
2022-08-12T19:33:58.755-0400  [TestNG-tests-1] INFO  com.qa.app.listeners.WebEventListener - After getting WebElement - By.linkText: Home
2022-08-12T19:33:58.789-0400  [TestNG-tests-2] INFO  com.qa.app.listeners.WebEventListener - After getting WebElement - By.className: register-btn
2022-08-12T19:33:58.840-0400  [TestNG-tests-3] INFO  com.qa.app.listeners.WebEventListener - After getting WebElement - By.linkText: Home
2022-08-12T19:33:58.988-0400  [TestNG-tests-1] INFO  com.qa.app.listeners.WebEventListener - After getting WebElement - By.className: register-btn
2022-08-12T19:33:59.593-0400  [TestNG-tests-1] INFO  com.qa.app.listeners.WebEventListener - After getting WebElement - By.className: btn-theme
2022-08-12T19:33:59.717-0400  [TestNG-tests-1] INFO  com.qa.app.listeners.WebEventListener - After getting WebElement - By.className: register-btn
2022-08-12T19:34:00.215-0400  [TestNG-tests-3] INFO  com.qa.app.listeners.WebEventListener - After getting WebElement - By.className: register-btn
2022-08-12T19:34:00.510-0400  [TestNG-tests-3] INFO  com.qa.app.listeners.WebEventListener - After getting WebElement - By.className: btn-theme
2022-08-12T19:34:00.647-0400  [TestNG-tests-3] INFO  com.qa.app.listeners.WebEventListener - After getting WebElement - By.className: register-btn
2022-08-12T19:34:00.862-0400  [TestNG-tests-4] INFO  com.qa.app.listeners.WebEventListener - After getting WebElement - By.className: heading3
2022-08-12T19:34:01.001-0400  [TestNG-tests-4] INFO  com.qa.app.listeners.WebEventListener - After getting WebElement - By.className: v-middle
2022-08-12T19:34:01.179-0400  [TestNG-tests-4] INFO  com.qa.app.listeners.WebEventListener - After getting WebElement - By.linkText: Sign Up
2022-08-12T19:34:01.371-0400  [TestNG-tests-4] INFO  com.qa.app.listeners.WebEventListener - After getting WebElement - By.linkText: Forgot Password
2022-08-12T19:34:01.530-0400  [TestNG-tests-4] INFO  com.qa.app.listeners.WebEventListener - After getting WebElement - By.id: email
2022-08-12T19:34:02.094-0400  [TestNG-tests-1] INFO  com.qa.app.listeners.WebEventListener - After getting WebElement - By.className: heading3
2022-08-12T19:34:02.134-0400  [TestNG-tests-4] INFO  com.qa.app.listeners.WebEventListener - After getting WebElement - By.id: password
2022-08-12T19:34:02.461-0400  [TestNG-tests-4] INFO  com.qa.app.listeners.WebEventListener - After getting WebElement - By.className: btn-primary
2022-08-12T19:34:02.599-0400  [TestNG-tests-2] INFO  com.qa.app.listeners.WebEventListener - After getting WebElement - By.className: heading3
2022-08-12T19:34:02.647-0400  [TestNG-tests-2] INFO  com.qa.app.listeners.WebEventListener - After getting WebElement - By.className: v-middle
2022-08-12T19:34:02.777-0400  [TestNG-tests-2] INFO  com.qa.app.listeners.WebEventListener - After getting WebElement - By.linkText: Sign Up
2022-08-12T19:34:02.867-0400  [TestNG-tests-2] INFO  com.qa.app.listeners.WebEventListener - After getting WebElement - By.linkText: Forgot Password
2022-08-12T19:34:02.951-0400  [TestNG-tests-2] INFO  com.qa.app.listeners.WebEventListener - After getting WebElement - By.id: email
2022-08-12T19:34:03.081-0400  [TestNG-tests-2] INFO  com.qa.app.listeners.WebEventListener - After getting WebElement - By.id: password
2022-08-12T19:34:03.212-0400  [TestNG-tests-2] INFO  com.qa.app.listeners.WebEventListener - After getting WebElement - By.className: btn-primary
2022-08-12T19:34:03.289-0400  [TestNG-tests-3] INFO  com.qa.app.listeners.WebEventListener - After getting WebElement - By.className: heading3
2022-08-12T19:34:06.461-0400  [TestNG-tests-4] INFO  com.qa.app.listeners.WebEventListener - After getting WebElement - By.xpath: //span[@class='navbar-current-user']
2022-08-12T19:34:06.639-0400  [TestNG-tests-2] INFO  com.qa.app.listeners.WebEventListener - After getting WebElement - By.xpath: //span[@class='navbar-current-user']
2022-08-12T19:40:55.825-0400  [TestNG-tests-4] INFO  com.qa.app.driverFactory.DriverFactory - Running test in Browser - edge
2022-08-12T19:40:55.824-0400  [TestNG-tests-2] INFO  com.qa.app.driverFactory.DriverFactory - Running test in Browser - Chrome
2022-08-12T19:40:55.824-0400  [TestNG-tests-1] INFO  com.qa.app.driverFactory.DriverFactory - Running test in Browser - Chrome
2022-08-12T19:40:55.825-0400  [TestNG-tests-3] INFO  com.qa.app.driverFactory.DriverFactory - Running test in Browser - edge
2022-08-12T19:41:04.993-0400  [TestNG-tests-3] INFO  com.qa.app.listeners.WebEventListener - After getting WebElement - By.linkText: Home
2022-08-12T19:41:06.843-0400  [TestNG-tests-3] INFO  com.qa.app.listeners.WebEventListener - After getting WebElement - By.className: register-btn
2022-08-12T19:41:07.040-0400  [TestNG-tests-2] INFO  com.qa.app.listeners.WebEventListener - After getting WebElement - By.className: register-btn
2022-08-12T19:41:07.091-0400  [TestNG-tests-3] INFO  com.qa.app.listeners.WebEventListener - After getting WebElement - By.className: btn-theme
2022-08-12T19:41:07.344-0400  [TestNG-tests-3] INFO  com.qa.app.listeners.WebEventListener - After getting WebElement - By.className: register-btn
2022-08-12T19:41:07.809-0400  [TestNG-tests-1] INFO  com.qa.app.listeners.WebEventListener - After getting WebElement - By.linkText: Home
2022-08-12T19:41:07.861-0400  [TestNG-tests-1] INFO  com.qa.app.listeners.WebEventListener - After getting WebElement - By.className: register-btn
2022-08-12T19:41:07.901-0400  [TestNG-tests-4] INFO  com.qa.app.listeners.WebEventListener - After getting WebElement - By.className: register-btn
2022-08-12T19:41:09.993-0400  [TestNG-tests-3] INFO  com.qa.app.listeners.WebEventListener - After getting WebElement - By.className: heading3
2022-08-12T19:41:10.281-0400  [TestNG-tests-1] INFO  com.qa.app.listeners.WebEventListener - After getting WebElement - By.className: btn-theme
2022-08-12T19:41:10.387-0400  [TestNG-tests-1] INFO  com.qa.app.listeners.WebEventListener - After getting WebElement - By.className: register-btn
2022-08-12T19:41:13.078-0400  [TestNG-tests-1] INFO  com.qa.app.listeners.WebEventListener - After getting WebElement - By.className: heading3
2022-08-12T19:41:13.485-0400  [TestNG-tests-4] INFO  com.qa.app.listeners.WebEventListener - After getting WebElement - By.className: heading3
2022-08-12T19:41:13.559-0400  [TestNG-tests-4] INFO  com.qa.app.listeners.WebEventListener - After getting WebElement - By.className: v-middle
2022-08-12T19:41:13.658-0400  [TestNG-tests-4] INFO  com.qa.app.listeners.WebEventListener - After getting WebElement - By.linkText: Sign Up
2022-08-12T19:41:13.775-0400  [TestNG-tests-4] INFO  com.qa.app.listeners.WebEventListener - After getting WebElement - By.linkText: Forgot Password
2022-08-12T19:41:13.842-0400  [TestNG-tests-4] INFO  com.qa.app.listeners.WebEventListener - After getting WebElement - By.id: email
2022-08-12T19:41:13.999-0400  [TestNG-tests-4] INFO  com.qa.app.listeners.WebEventListener - After getting WebElement - By.id: password
2022-08-12T19:41:14.161-0400  [TestNG-tests-4] INFO  com.qa.app.listeners.WebEventListener - After getting WebElement - By.className: btn-primary
2022-08-12T19:41:17.529-0400  [TestNG-tests-4] INFO  com.qa.app.listeners.WebEventListener - After getting WebElement - By.xpath: //span[@class='navbar-current-user']
2022-08-12T19:42:20.684-0400  [TestNG-tests-2] INFO  com.qa.app.driverFactory.DriverFactory - Running test in Browser - Chrome
2022-08-12T19:42:20.684-0400  [TestNG-tests-3] INFO  com.qa.app.driverFactory.DriverFactory - Running test in Browser - edge
2022-08-12T19:42:20.684-0400  [TestNG-tests-4] INFO  com.qa.app.driverFactory.DriverFactory - Running test in Browser - edge
2022-08-12T19:42:20.684-0400  [TestNG-tests-1] INFO  com.qa.app.driverFactory.DriverFactory - Running test in Browser - Chrome
2022-08-12T19:42:21.056-0400  [TestNG-tests-2] INFO  com.qa.app.driverFactory.OptionsManager - Running Chrome Browser in HEADLESS mode
2022-08-12T19:42:21.057-0400  [TestNG-tests-2] INFO  com.qa.app.driverFactory.OptionsManager - Running Chrome Browser in INCOGNITO mode
2022-08-12T19:42:21.059-0400  [TestNG-tests-4] INFO  com.qa.app.driverFactory.OptionsManager - Running Edge Browser in HEADLESS mode
2022-08-12T19:42:21.056-0400  [TestNG-tests-1] INFO  com.qa.app.driverFactory.OptionsManager - Running Chrome Browser in HEADLESS mode
2022-08-12T19:42:21.059-0400  [TestNG-tests-4] INFO  com.qa.app.driverFactory.OptionsManager - Running Edge Browser in INCOGNITO mode
2022-08-12T19:42:21.059-0400  [TestNG-tests-1] INFO  com.qa.app.driverFactory.OptionsManager - Running Chrome Browser in INCOGNITO mode
2022-08-12T19:42:21.060-0400  [TestNG-tests-3] INFO  com.qa.app.driverFactory.OptionsManager - Running Edge Browser in HEADLESS mode
2022-08-12T19:42:21.060-0400  [TestNG-tests-3] INFO  com.qa.app.driverFactory.OptionsManager - Running Edge Browser in INCOGNITO mode
2022-08-12T19:42:28.583-0400  [TestNG-tests-1] INFO  com.qa.app.listeners.WebEventListener - After getting WebElement - By.linkText: Home
2022-08-12T19:42:28.634-0400  [TestNG-tests-1] INFO  com.qa.app.listeners.WebEventListener - After getting WebElement - By.className: register-btn
2022-08-12T19:42:28.755-0400  [TestNG-tests-1] INFO  com.qa.app.listeners.WebEventListener - After getting WebElement - By.className: btn-theme
2022-08-12T19:42:28.920-0400  [TestNG-tests-1] INFO  com.qa.app.listeners.WebEventListener - After getting WebElement - By.className: register-btn
2022-08-12T19:42:29.049-0400  [TestNG-tests-2] INFO  com.qa.app.listeners.WebEventListener - After getting WebElement - By.className: register-btn
2022-08-12T19:42:31.303-0400  [TestNG-tests-4] INFO  com.qa.app.listeners.WebEventListener - After getting WebElement - By.className: register-btn
2022-08-12T19:42:31.432-0400  [TestNG-tests-1] INFO  com.qa.app.listeners.WebEventListener - After getting WebElement - By.className: heading3
2022-08-12T19:42:31.741-0400  [TestNG-tests-2] INFO  com.qa.app.listeners.WebEventListener - After getting WebElement - By.className: heading3
2022-08-12T19:42:31.822-0400  [TestNG-tests-2] INFO  com.qa.app.listeners.WebEventListener - After getting WebElement - By.className: v-middle
2022-08-12T19:42:31.902-0400  [TestNG-tests-2] INFO  com.qa.app.listeners.WebEventListener - After getting WebElement - By.linkText: Sign Up
2022-08-12T19:42:31.965-0400  [TestNG-tests-2] INFO  com.qa.app.listeners.WebEventListener - After getting WebElement - By.linkText: Forgot Password
2022-08-12T19:42:32.027-0400  [TestNG-tests-2] INFO  com.qa.app.listeners.WebEventListener - After getting WebElement - By.id: email
2022-08-12T19:42:32.145-0400  [TestNG-tests-2] INFO  com.qa.app.listeners.WebEventListener - After getting WebElement - By.id: password
2022-08-12T19:42:32.203-0400  [TestNG-tests-3] INFO  com.qa.app.listeners.WebEventListener - After getting WebElement - By.linkText: Home
2022-08-12T19:42:32.303-0400  [TestNG-tests-3] INFO  com.qa.app.listeners.WebEventListener - After getting WebElement - By.className: register-btn
2022-08-12T19:42:32.313-0400  [TestNG-tests-2] INFO  com.qa.app.listeners.WebEventListener - After getting WebElement - By.className: btn-primary
2022-08-12T19:42:32.515-0400  [TestNG-tests-3] INFO  com.qa.app.listeners.WebEventListener - After getting WebElement - By.className: btn-theme
2022-08-12T19:42:32.915-0400  [TestNG-tests-3] INFO  com.qa.app.listeners.WebEventListener - After getting WebElement - By.className: register-btn
2022-08-12T19:42:33.899-0400  [TestNG-tests-4] INFO  com.qa.app.listeners.WebEventListener - After getting WebElement - By.className: heading3
2022-08-12T19:42:34.011-0400  [TestNG-tests-4] INFO  com.qa.app.listeners.WebEventListener - After getting WebElement - By.className: v-middle
2022-08-12T19:42:34.145-0400  [TestNG-tests-4] INFO  com.qa.app.listeners.WebEventListener - After getting WebElement - By.linkText: Sign Up
2022-08-12T19:42:34.243-0400  [TestNG-tests-4] INFO  com.qa.app.listeners.WebEventListener - After getting WebElement - By.linkText: Forgot Password
2022-08-12T19:42:34.319-0400  [TestNG-tests-4] INFO  com.qa.app.listeners.WebEventListener - After getting WebElement - By.id: email
2022-08-12T19:42:34.426-0400  [TestNG-tests-4] INFO  com.qa.app.listeners.WebEventListener - After getting WebElement - By.id: password
2022-08-12T19:42:34.610-0400  [TestNG-tests-4] INFO  com.qa.app.listeners.WebEventListener - After getting WebElement - By.className: btn-primary
2022-08-12T19:42:34.958-0400  [TestNG-tests-3] INFO  com.qa.app.listeners.WebEventListener - After getting WebElement - By.className: heading3
2022-08-12T19:42:35.996-0400  [TestNG-tests-2] INFO  com.qa.app.listeners.WebEventListener - After getting WebElement - By.xpath: //span[@class='navbar-current-user']
2022-08-12T19:42:37.359-0400  [TestNG-tests-4] INFO  com.qa.app.listeners.WebEventListener - After getting WebElement - By.xpath: //span[@class='navbar-current-user']
2022-08-12T19:44:06.826-0400  [TestNG-tests-4] INFO  com.qa.app.driverFactory.DriverFactory - Running test in Browser - edge
2022-08-12T19:44:06.826-0400  [TestNG-tests-2] INFO  com.qa.app.driverFactory.DriverFactory - Running test in Browser - Chrome
2022-08-12T19:44:06.826-0400  [TestNG-tests-1] INFO  com.qa.app.driverFactory.DriverFactory - Running test in Browser - Chrome
2022-08-12T19:44:06.826-0400  [TestNG-tests-3] INFO  com.qa.app.driverFactory.DriverFactory - Running test in Browser - edge
2022-08-12T19:44:07.210-0400  [TestNG-tests-1] INFO  com.qa.app.driverFactory.OptionsManager - Running Chrome Browser in HEADLESS mode
2022-08-12T19:44:07.210-0400  [TestNG-tests-1] INFO  com.qa.app.driverFactory.OptionsManager - Running Chrome Browser in INCOGNITO mode
2022-08-12T19:44:07.211-0400  [TestNG-tests-4] INFO  com.qa.app.driverFactory.OptionsManager - Running Edge Browser in HEADLESS mode
2022-08-12T19:44:07.210-0400  [TestNG-tests-2] INFO  com.qa.app.driverFactory.OptionsManager - Running Chrome Browser in HEADLESS mode
2022-08-12T19:44:07.212-0400  [TestNG-tests-4] INFO  com.qa.app.driverFactory.OptionsManager - Running Edge Browser in INCOGNITO mode
2022-08-12T19:44:07.210-0400  [TestNG-tests-3] INFO  com.qa.app.driverFactory.OptionsManager - Running Edge Browser in HEADLESS mode
2022-08-12T19:44:07.212-0400  [TestNG-tests-2] INFO  com.qa.app.driverFactory.OptionsManager - Running Chrome Browser in INCOGNITO mode
2022-08-12T19:44:07.212-0400  [TestNG-tests-3] INFO  com.qa.app.driverFactory.OptionsManager - Running Edge Browser in INCOGNITO mode
2022-08-12T19:44:14.626-0400  [TestNG-tests-2] INFO  com.qa.app.listeners.WebEventListener - After getting WebElement - By.className: register-btn
2022-08-12T19:44:15.518-0400  [TestNG-tests-1] INFO  com.qa.app.listeners.WebEventListener - After getting WebElement - By.linkText: Home
2022-08-12T19:44:15.725-0400  [TestNG-tests-1] INFO  com.qa.app.listeners.WebEventListener - After getting WebElement - By.className: register-btn
2022-08-12T19:44:16.304-0400  [TestNG-tests-1] INFO  com.qa.app.listeners.WebEventListener - After getting WebElement - By.className: btn-theme
2022-08-12T19:44:16.427-0400  [TestNG-tests-1] INFO  com.qa.app.listeners.WebEventListener - After getting WebElement - By.className: register-btn
2022-08-12T19:44:17.242-0400  [TestNG-tests-2] INFO  com.qa.app.listeners.WebEventListener - After getting WebElement - By.className: heading3
2022-08-12T19:44:17.300-0400  [TestNG-tests-2] INFO  com.qa.app.listeners.WebEventListener - After getting WebElement - By.className: v-middle
2022-08-12T19:44:17.386-0400  [TestNG-tests-4] INFO  com.qa.app.listeners.WebEventListener - After getting WebElement - By.className: register-btn
2022-08-12T19:44:17.400-0400  [TestNG-tests-2] INFO  com.qa.app.listeners.WebEventListener - After getting WebElement - By.linkText: Sign Up
2022-08-12T19:44:17.495-0400  [TestNG-tests-2] INFO  com.qa.app.listeners.WebEventListener - After getting WebElement - By.linkText: Forgot Password
2022-08-12T19:44:17.632-0400  [TestNG-tests-2] INFO  com.qa.app.listeners.WebEventListener - After getting WebElement - By.id: email
2022-08-12T19:44:17.770-0400  [TestNG-tests-2] INFO  com.qa.app.listeners.WebEventListener - After getting WebElement - By.id: password
2022-08-12T19:44:18.100-0400  [TestNG-tests-2] INFO  com.qa.app.listeners.WebEventListener - After getting WebElement - By.className: btn-primary
2022-08-12T19:44:18.170-0400  [TestNG-tests-3] INFO  com.qa.app.listeners.WebEventListener - After getting WebElement - By.linkText: Home
2022-08-12T19:44:18.424-0400  [TestNG-tests-3] INFO  com.qa.app.listeners.WebEventListener - After getting WebElement - By.className: register-btn
2022-08-12T19:44:18.459-0400  [TestNG-tests-1] INFO  com.qa.app.listeners.WebEventListener - After getting WebElement - By.className: heading3
2022-08-12T19:44:18.676-0400  [TestNG-tests-3] INFO  com.qa.app.listeners.WebEventListener - After getting WebElement - By.className: btn-theme
2022-08-12T19:44:18.785-0400  [TestNG-tests-3] INFO  com.qa.app.listeners.WebEventListener - After getting WebElement - By.className: register-btn
2022-08-12T19:44:20.184-0400  [TestNG-tests-4] INFO  com.qa.app.listeners.WebEventListener - After getting WebElement - By.className: heading3
2022-08-12T19:44:20.255-0400  [TestNG-tests-4] INFO  com.qa.app.listeners.WebEventListener - After getting WebElement - By.className: v-middle
2022-08-12T19:44:20.390-0400  [TestNG-tests-4] INFO  com.qa.app.listeners.WebEventListener - After getting WebElement - By.linkText: Sign Up
2022-08-12T19:44:20.518-0400  [TestNG-tests-4] INFO  com.qa.app.listeners.WebEventListener - After getting WebElement - By.linkText: Forgot Password
2022-08-12T19:44:20.613-0400  [TestNG-tests-4] INFO  com.qa.app.listeners.WebEventListener - After getting WebElement - By.id: email
2022-08-12T19:44:20.736-0400  [TestNG-tests-4] INFO  com.qa.app.listeners.WebEventListener - After getting WebElement - By.id: password
2022-08-12T19:44:20.779-0400  [TestNG-tests-3] INFO  com.qa.app.listeners.WebEventListener - After getting WebElement - By.className: heading3
2022-08-12T19:44:20.860-0400  [TestNG-tests-4] INFO  com.qa.app.listeners.WebEventListener - After getting WebElement - By.className: btn-primary
2022-08-12T19:44:21.509-0400  [TestNG-tests-2] INFO  com.qa.app.listeners.WebEventListener - After getting WebElement - By.xpath: //span[@class='navbar-current-user']
2022-08-12T19:44:23.753-0400  [TestNG-tests-4] INFO  com.qa.app.listeners.WebEventListener - After getting WebElement - By.xpath: //span[@class='navbar-current-user']
2022-08-12T19:45:13.063-0400  [TestNG-tests-3] INFO  com.qa.app.driverFactory.DriverFactory - Running test in Browser - edge
2022-08-12T19:45:13.063-0400  [TestNG-tests-4] INFO  com.qa.app.driverFactory.DriverFactory - Running test in Browser - edge
2022-08-12T19:45:13.063-0400  [TestNG-tests-1] INFO  com.qa.app.driverFactory.DriverFactory - Running test in Browser - Chrome
2022-08-12T19:45:13.063-0400  [TestNG-tests-2] INFO  com.qa.app.driverFactory.DriverFactory - Running test in Browser - Chrome
2022-08-12T19:45:13.441-0400  [TestNG-tests-2] INFO  com.qa.app.driverFactory.OptionsManager - Running Chrome Browser in HEADLESS mode
2022-08-12T19:45:13.442-0400  [TestNG-tests-2] INFO  com.qa.app.driverFactory.OptionsManager - Running Chrome Browser in INCOGNITO mode
2022-08-12T19:45:13.441-0400  [TestNG-tests-4] INFO  com.qa.app.driverFactory.OptionsManager - Running Edge Browser in HEADLESS mode
2022-08-12T19:45:13.443-0400  [TestNG-tests-4] INFO  com.qa.app.driverFactory.OptionsManager - Running Edge Browser in INCOGNITO mode
2022-08-12T19:45:13.441-0400  [TestNG-tests-1] INFO  com.qa.app.driverFactory.OptionsManager - Running Chrome Browser in HEADLESS mode
2022-08-12T19:45:13.441-0400  [TestNG-tests-3] INFO  com.qa.app.driverFactory.OptionsManager - Running Edge Browser in HEADLESS mode
2022-08-12T19:45:13.444-0400  [TestNG-tests-1] INFO  com.qa.app.driverFactory.OptionsManager - Running Chrome Browser in INCOGNITO mode
2022-08-12T19:45:13.444-0400  [TestNG-tests-3] INFO  com.qa.app.driverFactory.OptionsManager - Running Edge Browser in INCOGNITO mode
2022-08-12T19:45:23.539-0400  [TestNG-tests-2] INFO  com.qa.app.listeners.WebEventListener - After getting WebElement - By.className: register-btn
2022-08-12T19:45:23.927-0400  [TestNG-tests-1] INFO  com.qa.app.listeners.WebEventListener - After getting WebElement - By.linkText: Home
2022-08-12T19:45:23.996-0400  [TestNG-tests-1] INFO  com.qa.app.listeners.WebEventListener - After getting WebElement - By.className: register-btn
2022-08-12T19:45:24.097-0400  [TestNG-tests-1] INFO  com.qa.app.listeners.WebEventListener - After getting WebElement - By.className: btn-theme
2022-08-12T19:45:24.164-0400  [TestNG-tests-1] INFO  com.qa.app.listeners.WebEventListener - After getting WebElement - By.className: register-btn
2022-08-12T19:45:24.332-0400  [TestNG-tests-4] INFO  com.qa.app.listeners.WebEventListener - After getting WebElement - By.className: register-btn
2022-08-12T19:45:26.506-0400  [TestNG-tests-2] INFO  com.qa.app.listeners.WebEventListener - After getting WebElement - By.className: heading3
2022-08-12T19:45:26.589-0400  [TestNG-tests-2] INFO  com.qa.app.listeners.WebEventListener - After getting WebElement - By.className: v-middle
2022-08-12T19:45:26.844-0400  [TestNG-tests-2] INFO  com.qa.app.listeners.WebEventListener - After getting WebElement - By.linkText: Sign Up
2022-08-12T19:45:26.957-0400  [TestNG-tests-2] INFO  com.qa.app.listeners.WebEventListener - After getting WebElement - By.linkText: Forgot Password
2022-08-12T19:45:27.023-0400  [TestNG-tests-1] INFO  com.qa.app.listeners.WebEventListener - After getting WebElement - By.className: heading3
2022-08-12T19:45:27.124-0400  [TestNG-tests-2] INFO  com.qa.app.listeners.WebEventListener - After getting WebElement - By.id: email
2022-08-12T19:45:27.234-0400  [TestNG-tests-2] INFO  com.qa.app.listeners.WebEventListener - After getting WebElement - By.id: password
2022-08-12T19:45:27.303-0400  [TestNG-tests-3] INFO  com.qa.app.listeners.WebEventListener - After getting WebElement - By.linkText: Home
2022-08-12T19:45:27.351-0400  [TestNG-tests-2] INFO  com.qa.app.listeners.WebEventListener - After getting WebElement - By.className: btn-primary
2022-08-12T19:45:27.379-0400  [TestNG-tests-3] INFO  com.qa.app.listeners.WebEventListener - After getting WebElement - By.className: register-btn
2022-08-12T19:45:27.549-0400  [TestNG-tests-3] INFO  com.qa.app.listeners.WebEventListener - After getting WebElement - By.className: btn-theme
2022-08-12T19:45:27.652-0400  [TestNG-tests-3] INFO  com.qa.app.listeners.WebEventListener - After getting WebElement - By.className: register-btn
2022-08-12T19:45:30.061-0400  [TestNG-tests-3] INFO  com.qa.app.listeners.WebEventListener - After getting WebElement - By.className: heading3
2022-08-12T19:45:31.743-0400  [TestNG-tests-2] INFO  com.qa.app.listeners.WebEventListener - After getting WebElement - By.xpath: //span[@class='navbar-current-user']
2022-08-12T19:46:49.017-0400  [TestNG-tests-4] INFO  com.qa.app.driverFactory.DriverFactory - Running test in Browser - edge
2022-08-12T19:46:49.017-0400  [TestNG-tests-1] INFO  com.qa.app.driverFactory.DriverFactory - Running test in Browser - Chrome
2022-08-12T19:46:49.017-0400  [TestNG-tests-3] INFO  com.qa.app.driverFactory.DriverFactory - Running test in Browser - edge
2022-08-12T19:46:49.017-0400  [TestNG-tests-2] INFO  com.qa.app.driverFactory.DriverFactory - Running test in Browser - Chrome
2022-08-12T19:46:49.420-0400  [TestNG-tests-3] INFO  com.qa.app.driverFactory.OptionsManager - Running Edge Browser in HEADLESS mode
2022-08-12T19:46:49.420-0400  [TestNG-tests-4] INFO  com.qa.app.driverFactory.OptionsManager - Running Edge Browser in HEADLESS mode
2022-08-12T19:46:49.422-0400  [TestNG-tests-3] INFO  com.qa.app.driverFactory.OptionsManager - Running Edge Browser in INCOGNITO mode
2022-08-12T19:46:49.422-0400  [TestNG-tests-4] INFO  com.qa.app.driverFactory.OptionsManager - Running Edge Browser in INCOGNITO mode
2022-08-12T19:46:49.424-0400  [TestNG-tests-2] INFO  com.qa.app.driverFactory.OptionsManager - Running Chrome Browser in HEADLESS mode
2022-08-12T19:46:49.424-0400  [TestNG-tests-1] INFO  com.qa.app.driverFactory.OptionsManager - Running Chrome Browser in HEADLESS mode
2022-08-12T19:46:49.424-0400  [TestNG-tests-2] INFO  com.qa.app.driverFactory.OptionsManager - Running Chrome Browser in INCOGNITO mode
2022-08-12T19:46:49.424-0400  [TestNG-tests-1] INFO  com.qa.app.driverFactory.OptionsManager - Running Chrome Browser in INCOGNITO mode
2022-08-12T19:46:57.039-0400  [TestNG-tests-1] INFO  com.qa.app.listeners.WebEventListener - After getting WebElement - By.linkText: Home
2022-08-12T19:46:57.687-0400  [TestNG-tests-2] INFO  com.qa.app.listeners.WebEventListener - After getting WebElement - By.className: register-btn
2022-08-12T19:46:57.820-0400  [TestNG-tests-3] INFO  com.qa.app.listeners.WebEventListener - After getting WebElement - By.linkText: Home
2022-08-12T19:46:57.857-0400  [TestNG-tests-4] INFO  com.qa.app.listeners.WebEventListener - After getting WebElement - By.className: register-btn
2022-08-12T19:46:57.889-0400  [TestNG-tests-3] INFO  com.qa.app.listeners.WebEventListener - After getting WebElement - By.className: register-btn
2022-08-12T19:46:58.020-0400  [TestNG-tests-3] INFO  com.qa.app.listeners.WebEventListener - After getting WebElement - By.className: btn-theme
2022-08-12T19:46:58.127-0400  [TestNG-tests-1] INFO  com.qa.app.listeners.WebEventListener - After getting WebElement - By.className: register-btn
2022-08-12T19:46:58.421-0400  [TestNG-tests-1] INFO  com.qa.app.listeners.WebEventListener - After getting WebElement - By.className: btn-theme
2022-08-12T19:46:58.503-0400  [TestNG-tests-3] INFO  com.qa.app.listeners.WebEventListener - After getting WebElement - By.className: register-btn
2022-08-12T19:46:58.569-0400  [TestNG-tests-1] INFO  com.qa.app.listeners.WebEventListener - After getting WebElement - By.className: register-btn
2022-08-12T19:46:59.927-0400  [TestNG-tests-2] INFO  com.qa.app.listeners.WebEventListener - After getting WebElement - By.className: heading3
2022-08-12T19:47:00.221-0400  [TestNG-tests-2] INFO  com.qa.app.listeners.WebEventListener - After getting WebElement - By.className: v-middle
2022-08-12T19:47:00.574-0400  [TestNG-tests-2] INFO  com.qa.app.listeners.WebEventListener - After getting WebElement - By.linkText: Sign Up
2022-08-12T19:47:00.600-0400  [TestNG-tests-1] INFO  com.qa.app.listeners.WebEventListener - After getting WebElement - By.className: heading3
2022-08-12T19:47:00.603-0400  [TestNG-tests-3] INFO  com.qa.app.listeners.WebEventListener - After getting WebElement - By.className: heading3
2022-08-12T19:47:00.694-0400  [TestNG-tests-4] INFO  com.qa.app.listeners.WebEventListener - After getting WebElement - By.className: heading3
2022-08-12T19:47:00.725-0400  [TestNG-tests-2] INFO  com.qa.app.listeners.WebEventListener - After getting WebElement - By.linkText: Forgot Password
2022-08-12T19:47:00.754-0400  [TestNG-tests-4] INFO  com.qa.app.listeners.WebEventListener - After getting WebElement - By.className: v-middle
2022-08-12T19:47:00.788-0400  [TestNG-tests-2] INFO  com.qa.app.listeners.WebEventListener - After getting WebElement - By.id: email
2022-08-12T19:47:00.828-0400  [TestNG-tests-4] INFO  com.qa.app.listeners.WebEventListener - After getting WebElement - By.linkText: Sign Up
2022-08-12T19:47:00.896-0400  [TestNG-tests-2] INFO  com.qa.app.listeners.WebEventListener - After getting WebElement - By.id: password
2022-08-12T19:47:00.914-0400  [TestNG-tests-4] INFO  com.qa.app.listeners.WebEventListener - After getting WebElement - By.linkText: Forgot Password
2022-08-12T19:47:00.992-0400  [TestNG-tests-4] INFO  com.qa.app.listeners.WebEventListener - After getting WebElement - By.id: email
2022-08-12T19:47:01.016-0400  [TestNG-tests-2] INFO  com.qa.app.listeners.WebEventListener - After getting WebElement - By.className: btn-primary
2022-08-12T19:47:01.126-0400  [TestNG-tests-4] INFO  com.qa.app.listeners.WebEventListener - After getting WebElement - By.id: password
2022-08-12T19:47:01.226-0400  [TestNG-tests-4] INFO  com.qa.app.listeners.WebEventListener - After getting WebElement - By.className: btn-primary
2022-08-12T19:47:03.836-0400  [TestNG-tests-2] INFO  com.qa.app.listeners.WebEventListener - After getting WebElement - By.xpath: //span[@class='navbar-current-user']
2022-08-12T19:47:04.446-0400  [TestNG-tests-4] INFO  com.qa.app.listeners.WebEventListener - After getting WebElement - By.xpath: //span[@class='navbar-current-user']
